<?xml version="1.0" encoding="UTF-8"?>
<!-- Generated by org.testng.reporters.JUnitXMLReporter -->
<testsuite ignored="0" hostname="LAPTOP-DUJFBR3O" failures="0" tests="3" name="Chrome on Windows 10" time="90.918" errors="0" timestamp="2024-12-11T12:13:48 IST">
  <testcase classname="seleniumPKG.Scenarios_LT" name="@BeforeMethod setUp" time="29.053">
    <failure type="org.openqa.selenium.TimeoutException" message="Unable to find the session info for particular sessionId null, maybe session has quit already or timed out. (WARNING: The server did not provide any stacktrace information)
Command duration or timeout: 107 milliseconds
Build info: version: &amp;apos;2.52.0&amp;apos;, revision: &amp;apos;4c2593cfc3689a7fcd7be52549167e5ccc93ad28&amp;apos;, time: &amp;apos;2016-02-11 11:22:43&amp;apos;
System info: host: &amp;apos;LAPTOP-DUJFBR3O&amp;apos;, ip: &amp;apos;192.168.251.53&amp;apos;, os.name: &amp;apos;Windows 11&amp;apos;, os.arch: &amp;apos;amd64&amp;apos;, os.version: &amp;apos;10.0&amp;apos;, java.version: &amp;apos;21.0.1&amp;apos;
Driver info: org.openqa.selenium.remote.RemoteWebDriver
Capabilities [{capabilities={moz:profile=/var/folders/wq/9bm3y5rs1w9cmx6w_x9v1xrc0000gp/T/rust_mozprofileZhJTmp, moz:geckodriverVersion=0.35.0, timeouts={implicit=0, pageLoad=300000, script=30000}, pageLoadStrategy=normal, unhandledPromptBehavior=dismiss and notify, strictFileInteractability=false, userAgent=Mozilla/5.0 (Macintosh; Intel Mac OS X 10.15; rv:132.0) Gecko/20100101 Firefox/132.0, moz:headless=false, moz:windowless=false, proxy={}, moz:accessibilityChecks=false, acceptInsecureCerts=true, browserVersion=132.0, moz:shutdownTimeout=60000, moz:processID=42673, browserName=firefox, moz:buildID=20241021175835, moz:platformVersion=22.6.0, platformName=mac, setWindowRect=true, moz:webdriverClick=true}, sessionId=c1af7122-43ed-4df3-96e1-6844a4bdb8ef, platform=ANY}]
Session ID: null">
      <![CDATA[org.openqa.selenium.TimeoutException: Unable to find the session info for particular sessionId null, maybe session has quit already or timed out. (WARNING: The server did not provide any stacktrace information)
Command duration or timeout: 107 milliseconds
Build info: version: '2.52.0', revision: '4c2593cfc3689a7fcd7be52549167e5ccc93ad28', time: '2016-02-11 11:22:43'
System info: host: 'LAPTOP-DUJFBR3O', ip: '192.168.251.53', os.name: 'Windows 11', os.arch: 'amd64', os.version: '10.0', java.version: '21.0.1'
Driver info: org.openqa.selenium.remote.RemoteWebDriver
Capabilities [{capabilities={moz:profile=/var/folders/wq/9bm3y5rs1w9cmx6w_x9v1xrc0000gp/T/rust_mozprofileZhJTmp, moz:geckodriverVersion=0.35.0, timeouts={implicit=0, pageLoad=300000, script=30000}, pageLoadStrategy=normal, unhandledPromptBehavior=dismiss and notify, strictFileInteractability=false, userAgent=Mozilla/5.0 (Macintosh; Intel Mac OS X 10.15; rv:132.0) Gecko/20100101 Firefox/132.0, moz:headless=false, moz:windowless=false, proxy={}, moz:accessibilityChecks=false, acceptInsecureCerts=true, browserVersion=132.0, moz:shutdownTimeout=60000, moz:processID=42673, browserName=firefox, moz:buildID=20241021175835, moz:platformVersion=22.6.0, platformName=mac, setWindowRect=true, moz:webdriverClick=true}, sessionId=c1af7122-43ed-4df3-96e1-6844a4bdb8ef, platform=ANY}]
Session ID: null
at org.openqa.selenium.remote.ErrorHandler.createThrowable(ErrorHandler.java:206)
at org.openqa.selenium.remote.ErrorHandler.throwIfResponseFailed(ErrorHandler.java:158)
at org.openqa.selenium.remote.RemoteWebDriver.execute(RemoteWebDriver.java:678)
at org.openqa.selenium.remote.RemoteWebDriver.get(RemoteWebDriver.java:316)
at seleniumPKG.Scenarios_LT.setUp(Scenarios_LT.java:61)
at java.base/java.util.ArrayList.forEach(ArrayList.java:1596)
at java.base/java.util.concurrent.FutureTask.run(FutureTask.java:317)
at java.base/java.util.concurrent.ThreadPoolExecutor.runWorker(ThreadPoolExecutor.java:1144)
at java.base/java.util.concurrent.ThreadPoolExecutor$Worker.run(ThreadPoolExecutor.java:642)
at java.base/java.lang.Thread.run(Thread.java:1583)
... Removed 22 stack frames]]>
    </failure>
  </testcase> <!-- @BeforeMethod setUp -->
  <testcase classname="seleniumPKG.Scenarios_LT" name="@AfterMethod tearDown" time="0.0">
    <skipped/>
  </testcase> <!-- @AfterMethod tearDown -->
  <testcase classname="seleniumPKG.Scenarios_LT" name="@BeforeMethod setUp" time="0.0">
    <skipped/>
  </testcase> <!-- @BeforeMethod setUp -->
  <testcase classname="seleniumPKG.Scenarios_LT" name="@AfterMethod tearDown" time="0.0">
    <skipped/>
  </testcase> <!-- @AfterMethod tearDown -->
  <testcase classname="seleniumPKG.Scenarios_LT" name="@BeforeMethod setUp" time="0.0">
    <skipped/>
  </testcase> <!-- @BeforeMethod setUp -->
  <testcase classname="seleniumPKG.Scenarios_LT" name="@AfterMethod tearDown" time="0.0">
    <skipped/>
  </testcase> <!-- @AfterMethod tearDown -->
  <testcase classname="seleniumPKG.Scenarios_LT" name="testSimpleFormDemo" time="2.547"/>
  <testcase classname="seleniumPKG.Scenarios_LT" name="testDragAndDropSlider" time="2.254"/>
  <testcase classname="seleniumPKG.Scenarios_LT" name="testInputFormSubmit" time="6.848"/>
</testsuite> <!-- Chrome on Windows 10 -->
